INFO 2021-11-10 21:34:54,439 autoreload:637 Watching for file changes with StatReloader
INFO 2021-11-10 21:50:52,104 autoreload:251 F:\duanxinyi\uric\uric_api\uric_api\settings\dev.py changed, reloading.
INFO 2021-11-10 21:50:53,192 autoreload:637 Watching for file changes with StatReloader
INFO 2021-11-10 21:51:24,145 autoreload:251 F:\duanxinyi\uric\uric_api\uric_api\settings\dev.py changed, reloading.
INFO 2021-11-10 21:51:24,910 autoreload:637 Watching for file changes with StatReloader
INFO 2021-11-10 21:53:47,804 autoreload:251 F:\duanxinyi\uric\uric_api\uric_api\settings\dev.py changed, reloading.
INFO 2021-11-10 21:53:48,633 autoreload:637 Watching for file changes with StatReloader
INFO 2021-11-10 21:54:38,622 autoreload:251 F:\duanxinyi\uric\uric_api\uric_api\settings\dev.py changed, reloading.
INFO 2021-11-10 21:54:39,439 autoreload:637 Watching for file changes with StatReloader
INFO 2021-11-10 22:01:55,172 autoreload:251 F:\duanxinyi\uric\uric_api\uric_api\settings\dev.py changed, reloading.
INFO 2021-11-10 22:01:56,032 autoreload:637 Watching for file changes with StatReloader
INFO 2021-11-10 22:10:55,232 autoreload:251 F:\duanxinyi\uric\uric_api\uric_api\apps\users\urls.py changed, reloading.
INFO 2021-11-10 22:10:56,201 autoreload:637 Watching for file changes with StatReloader
INFO 2021-11-10 22:15:12,270 autoreload:251 F:\duanxinyi\uric\uric_api\uric_api\settings\dev.py changed, reloading.
INFO 2021-11-10 22:15:12,997 autoreload:637 Watching for file changes with StatReloader
INFO 2021-11-10 22:16:50,430 autoreload:251 F:\duanxinyi\uric\uric_api\uric_api\settings\dev.py changed, reloading.
INFO 2021-11-10 22:16:51,179 autoreload:637 Watching for file changes with StatReloader
INFO 2021-11-10 22:18:12,464 autoreload:251 F:\duanxinyi\uric\uric_api\uric_api\settings\dev.py changed, reloading.
INFO 2021-11-10 22:18:13,193 autoreload:637 Watching for file changes with StatReloader
INFO 2021-11-10 22:39:00,281 autoreload:251 F:\duanxinyi\uric\uric_api\uric_api\settings\dev.py changed, reloading.
INFO 2021-11-10 22:39:01,040 autoreload:637 Watching for file changes with StatReloader
INFO 2021-11-10 22:39:14,952 autoreload:251 F:\duanxinyi\uric\uric_api\uric_api\settings\dev.py changed, reloading.
INFO 2021-11-10 22:39:15,740 autoreload:637 Watching for file changes with StatReloader
INFO 2021-11-10 22:48:02,819 autoreload:251 F:\duanxinyi\uric\uric_api\uric_api\settings\dev.py changed, reloading.
INFO 2021-11-10 22:48:03,597 autoreload:637 Watching for file changes with StatReloader
INFO 2021-11-10 22:49:16,395 autoreload:251 F:\duanxinyi\uric\uric_api\uric_api\settings\dev.py changed, reloading.
INFO 2021-11-10 22:49:17,205 autoreload:637 Watching for file changes with StatReloader
INFO 2021-11-10 22:55:01,131 autoreload:251 F:\duanxinyi\uric\uric_api\uric_api\settings\dev.py changed, reloading.
INFO 2021-11-10 22:55:01,986 autoreload:637 Watching for file changes with StatReloader
INFO 2021-11-10 22:55:09,435 basehttp:161 "POST /users/login/ HTTP/1.1" 200 201
INFO 2021-11-10 23:11:08,203 basehttp:161 "OPTIONS /users/login/ HTTP/1.1" 200 0
INFO 2021-11-10 23:11:25,823 basehttp:161 "OPTIONS /users/login/ HTTP/1.1" 200 0
INFO 2021-11-10 23:11:52,086 basehttp:161 "OPTIONS /users/login/ HTTP/1.1" 200 0
INFO 2021-11-10 23:12:11,406 basehttp:161 "OPTIONS /users/login/ HTTP/1.1" 200 0
INFO 2021-11-10 23:13:49,204 basehttp:161 "OPTIONS /users/login/ HTTP/1.1" 200 0
INFO 2021-11-10 23:14:27,468 basehttp:161 "OPTIONS /users/login/ HTTP/1.1" 200 0
INFO 2021-11-10 23:14:53,112 basehttp:161 "OPTIONS /users/login/ HTTP/1.1" 200 0
INFO 2021-11-10 23:23:55,006 autoreload:251 F:\duanxinyi\uric\uric_api\uric_api\settings\dev.py changed, reloading.
INFO 2021-11-10 23:23:55,792 autoreload:637 Watching for file changes with StatReloader
INFO 2021-11-10 23:24:09,884 autoreload:251 F:\duanxinyi\uric\uric_api\uric_api\settings\dev.py changed, reloading.
INFO 2021-11-10 23:24:10,679 autoreload:637 Watching for file changes with StatReloader
INFO 2021-11-10 23:24:21,512 basehttp:161 "OPTIONS /users/login/ HTTP/1.1" 200 0
INFO 2021-11-10 23:24:21,718 basehttp:161 "POST /users/login/ HTTP/1.1" 200 201
INFO 2021-11-10 23:25:22,821 basehttp:161 "POST /users/login/ HTTP/1.1" 200 201
INFO 2021-11-11 16:32:36,254 autoreload:637 Watching for file changes with StatReloader
INFO 2021-11-11 16:52:30,757 basehttp:161 "OPTIONS /users/login/ HTTP/1.1" 200 0
INFO 2021-11-11 16:52:45,996 basehttp:161 "OPTIONS /users/login/ HTTP/1.1" 200 0
INFO 2021-11-11 16:52:46,228 basehttp:161 "POST /users/login/ HTTP/1.1" 200 201
INFO 2021-11-15 09:31:50,007 autoreload:637 Watching for file changes with StatReloader
INFO 2021-11-15 09:36:13,673 basehttp:161 "OPTIONS /users/login/ HTTP/1.1" 200 0
INFO 2021-11-15 09:36:13,863 basehttp:161 "POST /users/login/ HTTP/1.1" 200 201
INFO 2021-11-15 09:54:07,681 basehttp:161 "POST /users/login/ HTTP/1.1" 200 201
INFO 2021-11-15 10:15:38,472 basehttp:161 "OPTIONS /host/category HTTP/1.1" 200 0
INFO 2021-11-15 10:15:38,472 basehttp:161 "OPTIONS /host/host HTTP/1.1" 200 0
WARNING 2021-11-15 10:15:38,718 log:230 Not Found: /host/category
WARNING 2021-11-15 10:15:38,720 log:230 Not Found: /host/host
WARNING 2021-11-15 10:15:38,720 basehttp:161 "GET /host/category HTTP/1.1" 404 2375
WARNING 2021-11-15 10:15:38,721 basehttp:161 "GET /host/host HTTP/1.1" 404 2363
WARNING 2021-11-15 10:20:30,783 log:230 Not Found: /host/category
WARNING 2021-11-15 10:20:30,783 basehttp:161 "GET /host/category HTTP/1.1" 404 2375
WARNING 2021-11-15 10:20:30,785 log:230 Not Found: /host/host
WARNING 2021-11-15 10:20:30,786 basehttp:161 "GET /host/host HTTP/1.1" 404 2363
WARNING 2021-11-15 10:21:11,595 log:230 Not Found: /host/category
WARNING 2021-11-15 10:21:11,599 basehttp:161 "GET /host/category HTTP/1.1" 404 2375
WARNING 2021-11-15 10:21:11,600 log:230 Not Found: /host/host
WARNING 2021-11-15 10:21:11,601 basehttp:161 "GET /host/host HTTP/1.1" 404 2363
WARNING 2021-11-15 10:21:37,200 log:230 Not Found: /host/category
WARNING 2021-11-15 10:21:37,203 basehttp:161 "GET /host/category HTTP/1.1" 404 2375
WARNING 2021-11-15 10:21:37,205 log:230 Not Found: /host/host
WARNING 2021-11-15 10:21:37,206 basehttp:161 "GET /host/host HTTP/1.1" 404 2363
INFO 2021-11-15 10:23:14,979 basehttp:161 "POST /users/login/ HTTP/1.1" 200 201
WARNING 2021-11-15 10:23:20,677 log:230 Not Found: /host/category
WARNING 2021-11-15 10:23:20,678 log:230 Not Found: /host/host
WARNING 2021-11-15 10:23:20,679 basehttp:161 "GET /host/category HTTP/1.1" 404 2375
WARNING 2021-11-15 10:23:20,679 basehttp:161 "GET /host/host HTTP/1.1" 404 2363
WARNING 2021-11-15 10:30:45,098 log:230 Not Found: /host/category
WARNING 2021-11-15 10:30:45,145 basehttp:161 "GET /host/category HTTP/1.1" 404 2375
WARNING 2021-11-15 10:30:45,150 log:230 Not Found: /host/host
WARNING 2021-11-15 10:30:45,168 basehttp:161 "GET /host/host HTTP/1.1" 404 2363
WARNING 2021-11-15 10:31:27,123 log:230 Not Found: /host/category
WARNING 2021-11-15 10:31:27,124 log:230 Not Found: /host/host
WARNING 2021-11-15 10:31:27,125 basehttp:161 "GET /host/category HTTP/1.1" 404 2375
WARNING 2021-11-15 10:31:27,125 basehttp:161 "GET /host/host HTTP/1.1" 404 2363
WARNING 2021-11-15 10:31:29,362 log:230 Not Found: /host/category
WARNING 2021-11-15 10:31:29,363 log:230 Not Found: /host/host
WARNING 2021-11-15 10:31:29,364 basehttp:161 "GET /host/category HTTP/1.1" 404 2375
WARNING 2021-11-15 10:31:29,364 basehttp:161 "GET /host/host HTTP/1.1" 404 2363
INFO 2021-11-15 13:48:13,980 autoreload:251 F:\duanxinyi\uric\uric_api\uric_api\settings\dev.py changed, reloading.
INFO 2021-11-15 13:48:14,831 autoreload:637 Watching for file changes with StatReloader
INFO 2021-11-15 14:01:45,374 autoreload:251 F:\duanxinyi\uric\uric_api\uric_api\settings\dev.py changed, reloading.
INFO 2021-11-15 14:01:47,911 autoreload:637 Watching for file changes with StatReloader
INFO 2021-11-15 14:02:30,949 autoreload:637 Watching for file changes with StatReloader
INFO 2021-11-15 14:02:57,847 autoreload:251 F:\duanxinyi\uric\uric_api\uric_api\apps\host\apps.py changed, reloading.
INFO 2021-11-15 14:02:58,639 autoreload:637 Watching for file changes with StatReloader
INFO 2021-11-15 14:08:35,233 autoreload:251 F:\duanxinyi\uric\uric_api\uric_api\apps\host\models.py changed, reloading.
INFO 2021-11-15 14:08:35,973 autoreload:637 Watching for file changes with StatReloader
INFO 2021-11-15 14:11:01,964 autoreload:251 F:\duanxinyi\uric\uric_api\uric_api\apps\host\views.py changed, reloading.
INFO 2021-11-15 14:11:02,694 autoreload:637 Watching for file changes with StatReloader
INFO 2021-11-15 14:13:31,894 autoreload:251 F:\duanxinyi\uric\uric_api\uric_api\apps\host\urls.py changed, reloading.
INFO 2021-11-15 14:13:32,614 autoreload:637 Watching for file changes with StatReloader
INFO 2021-11-15 14:14:33,504 basehttp:161 "OPTIONS /host/category HTTP/1.1" 200 0
INFO 2021-11-15 14:14:33,505 basehttp:161 "OPTIONS /host/host HTTP/1.1" 200 0
WARNING 2021-11-15 14:14:33,531 log:230 Not Found: /host/category
WARNING 2021-11-15 14:14:33,533 log:230 Not Found: /host/host
WARNING 2021-11-15 14:14:33,533 basehttp:161 "GET /host/category HTTP/1.1" 404 2694
WARNING 2021-11-15 14:14:33,534 basehttp:161 "GET /host/host HTTP/1.1" 404 2682
INFO 2021-11-15 14:16:00,794 autoreload:251 F:\duanxinyi\uric\uric_api\uric_api\apps\host\urls.py changed, reloading.
INFO 2021-11-15 14:16:01,549 autoreload:637 Watching for file changes with StatReloader
INFO 2021-11-15 14:16:15,651 autoreload:251 F:\duanxinyi\uric\uric_api\uric_api\apps\host\urls.py changed, reloading.
INFO 2021-11-15 14:16:16,393 autoreload:637 Watching for file changes with StatReloader
INFO 2021-11-15 14:16:17,303 basehttp:161 "GET /host/category HTTP/1.1" 301 0
INFO 2021-11-15 14:16:17,303 basehttp:161 "GET /host/host HTTP/1.1" 301 0
INFO 2021-11-15 14:16:17,365 basehttp:161 "OPTIONS /host/category/ HTTP/1.1" 200 0
INFO 2021-11-15 14:16:17,365 basehttp:161 "OPTIONS /host/host/ HTTP/1.1" 200 0
ERROR 2021-11-15 14:16:17,420 exceptions:28 [<uric_api.apps.host.views.HostModelViewSet object at 0x0000020004DC66C8>] <built-in function exec>
ERROR 2021-11-15 14:16:17,421 log:230 Insufficient Storage: /host/host/
ERROR 2021-11-15 14:16:17,422 exceptions:28 [<uric_api.apps.host.views.HostCategoryListAPIView object at 0x0000020004DC6748>] <built-in function exec>
ERROR 2021-11-15 14:16:17,424 log:230 Insufficient Storage: /host/category/
ERROR 2021-11-15 14:16:17,424 basehttp:161 "GET /host/host/ HTTP/1.1" 507 43
ERROR 2021-11-15 14:16:17,427 basehttp:161 "GET /host/category/ HTTP/1.1" 507 43
INFO 2021-11-15 14:28:51,009 basehttp:161 "GET /host/category/ HTTP/1.1" 200 2
INFO 2021-11-15 14:28:51,031 basehttp:161 "GET /host/host/ HTTP/1.1" 200 2
INFO 2021-11-15 14:29:11,400 basehttp:161 "OPTIONS /users/login/ HTTP/1.1" 200 0
INFO 2021-11-15 14:29:11,610 basehttp:161 "POST /users/login/ HTTP/1.1" 200 201
INFO 2021-11-15 14:29:17,341 basehttp:161 "GET /host/category/ HTTP/1.1" 200 2
INFO 2021-11-15 14:29:17,343 basehttp:161 "GET /host/host/ HTTP/1.1" 200 2
INFO 2021-11-15 14:39:57,345 autoreload:251 F:\duanxinyi\uric\uric_api\uric_api\apps\host\models.py changed, reloading.
INFO 2021-11-15 14:39:58,079 autoreload:637 Watching for file changes with StatReloader
INFO 2021-11-15 14:51:18,566 autoreload:251 F:\duanxinyi\uric\uric_api\uric_api\settings\dev.py changed, reloading.
INFO 2021-11-15 14:51:19,311 autoreload:637 Watching for file changes with StatReloader
INFO 2021-11-15 14:53:56,825 autoreload:637 Watching for file changes with StatReloader
INFO 2021-11-15 14:55:39,992 autoreload:251 F:\duanxinyi\uric\uric_api\uric_api\utils\key.py changed, reloading.
INFO 2021-11-15 14:55:40,862 autoreload:637 Watching for file changes with StatReloader
INFO 2021-11-15 14:56:00,372 autoreload:251 F:\duanxinyi\uric\uric_api\uric_api\utils\key.py changed, reloading.
INFO 2021-11-15 14:56:01,241 autoreload:637 Watching for file changes with StatReloader
INFO 2021-11-15 14:57:35,462 basehttp:161 "GET /host/category/ HTTP/1.1" 200 2
INFO 2021-11-15 14:57:35,462 basehttp:161 "GET /host/host/ HTTP/1.1" 200 2
INFO 2021-11-15 14:59:28,193 basehttp:161 "OPTIONS /host/categorys HTTP/1.1" 200 0
INFO 2021-11-15 14:59:28,196 basehttp:161 "OPTIONS /host/list HTTP/1.1" 200 0
WARNING 2021-11-15 14:59:28,209 log:230 Not Found: /host/list
WARNING 2021-11-15 14:59:28,211 log:230 Not Found: /host/categorys
WARNING 2021-11-15 14:59:28,212 basehttp:161 "GET /host/list HTTP/1.1" 404 2681
WARNING 2021-11-15 14:59:28,212 basehttp:161 "GET /host/categorys HTTP/1.1" 404 2696
INFO 2021-11-15 14:59:39,863 basehttp:161 "POST /users/login/ HTTP/1.1" 200 201
WARNING 2021-11-15 14:59:44,553 log:230 Not Found: /host/categorys
WARNING 2021-11-15 14:59:44,554 log:230 Not Found: /host/list
WARNING 2021-11-15 14:59:44,555 basehttp:161 "GET /host/list HTTP/1.1" 404 2681
WARNING 2021-11-15 14:59:44,555 basehttp:161 "GET /host/categorys HTTP/1.1" 404 2696
INFO 2021-11-15 15:00:30,376 autoreload:251 F:\duanxinyi\uric\uric_api\uric_api\apps\host\urls.py changed, reloading.
INFO 2021-11-15 15:00:31,261 autoreload:637 Watching for file changes with StatReloader
INFO 2021-11-15 15:00:32,827 basehttp:161 "GET /host/categorys HTTP/1.1" 301 0
INFO 2021-11-15 15:00:32,830 basehttp:161 "GET /host/list HTTP/1.1" 301 0
INFO 2021-11-15 15:00:32,916 basehttp:161 "OPTIONS /host/list/ HTTP/1.1" 200 0
INFO 2021-11-15 15:00:32,916 basehttp:161 "OPTIONS /host/categorys/ HTTP/1.1" 200 0
INFO 2021-11-15 15:00:32,958 basehttp:161 "GET /host/list/ HTTP/1.1" 200 2
INFO 2021-11-15 15:00:32,959 basehttp:161 "GET /host/categorys/ HTTP/1.1" 200 2
INFO 2021-11-19 09:49:59,012 autoreload:637 Watching for file changes with StatReloader
INFO 2021-11-19 09:54:28,864 basehttp:161 "OPTIONS /users/login/ HTTP/1.1" 200 0
INFO 2021-11-19 09:54:29,254 basehttp:161 "POST /users/login/ HTTP/1.1" 200 201
INFO 2021-11-19 09:54:33,604 basehttp:161 "OPTIONS /host/categorys HTTP/1.1" 200 0
INFO 2021-11-19 09:54:33,606 basehttp:161 "OPTIONS /host/list HTTP/1.1" 200 0
INFO 2021-11-19 09:54:33,658 basehttp:161 "OPTIONS /host/categorys/ HTTP/1.1" 200 0
INFO 2021-11-19 09:54:33,677 basehttp:161 "OPTIONS /host/list/ HTTP/1.1" 200 0
INFO 2021-11-19 09:54:33,704 basehttp:161 "GET /host/list/ HTTP/1.1" 200 2
INFO 2021-11-19 09:54:33,706 basehttp:161 "GET /host/categorys/ HTTP/1.1" 200 2
INFO 2021-11-19 09:55:41,854 autoreload:251 F:\duanxinyi\uric\uric_api\uric_api\apps\host\views.py changed, reloading.
INFO 2021-11-19 09:55:42,747 autoreload:637 Watching for file changes with StatReloader
INFO 2021-11-19 09:55:55,530 basehttp:161 "GET /host/categorys/ HTTP/1.1" 200 8548
INFO 2021-11-19 09:55:55,571 basehttp:161 "GET /static/rest_framework/css/bootstrap-tweaks.css HTTP/1.1" 200 3385
INFO 2021-11-19 09:55:55,572 basehttp:161 "GET /static/rest_framework/css/bootstrap.min.css HTTP/1.1" 200 121457
INFO 2021-11-19 09:55:55,579 basehttp:161 "GET /static/rest_framework/css/prettify.css HTTP/1.1" 200 817
INFO 2021-11-19 09:55:55,582 basehttp:161 "GET /static/rest_framework/css/default.css HTTP/1.1" 200 1152
INFO 2021-11-19 09:55:55,585 basehttp:161 "GET /static/rest_framework/js/csrf.js HTTP/1.1" 200 1719
INFO 2021-11-19 09:55:55,593 basehttp:161 "GET /static/rest_framework/js/ajax-form.js HTTP/1.1" 200 3597
INFO 2021-11-19 09:55:55,605 basehttp:161 "GET /static/rest_framework/js/bootstrap.min.js HTTP/1.1" 200 39680
INFO 2021-11-19 09:55:55,607 basehttp:161 "GET /static/rest_framework/js/default.js HTTP/1.1" 200 1268
INFO 2021-11-19 09:55:55,609 basehttp:161 "GET /static/rest_framework/img/grid.png HTTP/1.1" 200 1458
INFO 2021-11-19 09:55:55,620 basehttp:161 "GET /static/rest_framework/js/prettify-min.js HTTP/1.1" 200 13632
INFO 2021-11-19 09:55:55,636 basehttp:161 "GET /static/rest_framework/js/jquery-3.5.1.min.js HTTP/1.1" 200 89476
WARNING 2021-11-19 09:55:55,924 log:230 Not Found: /favicon.ico
WARNING 2021-11-19 09:55:55,926 basehttp:161 "GET /favicon.ico HTTP/1.1" 404 2474
INFO 2021-11-19 09:56:07,645 basehttp:161 "POST /host/categorys/ HTTP/1.1" 201 8649
INFO 2021-11-19 09:56:13,766 basehttp:161 "POST /host/categorys/ HTTP/1.1" 201 8637
INFO 2021-11-19 09:56:27,419 basehttp:161 "POST /host/categorys/ HTTP/1.1" 201 8649
INFO 2021-11-19 09:56:32,926 basehttp:161 "POST /host/categorys/ HTTP/1.1" 201 8643
INFO 2021-11-19 09:56:35,339 basehttp:161 "GET /host/categorys/ HTTP/1.1" 200 8927
INFO 2021-11-19 09:56:45,995 autoreload:251 F:\duanxinyi\uric\uric_api\uric_api\apps\host\views.py changed, reloading.
INFO 2021-11-19 09:56:46,907 autoreload:637 Watching for file changes with StatReloader
INFO 2021-11-19 09:56:48,828 basehttp:161 "GET /host/categorys/ HTTP/1.1" 200 140
INFO 2021-11-19 09:56:48,837 basehttp:161 "GET /host/list/ HTTP/1.1" 200 2
INFO 2021-11-19 09:56:55,718 basehttp:161 "GET /host/list/ HTTP/1.1" 200 2
INFO 2021-11-19 09:56:55,725 basehttp:161 "GET /host/categorys/ HTTP/1.1" 200 140
INFO 2021-11-19 09:56:57,316 basehttp:161 "GET /host/list/ HTTP/1.1" 200 2
INFO 2021-11-19 09:56:57,321 basehttp:161 "GET /host/categorys/ HTTP/1.1" 200 140
WARNING 2021-11-19 09:57:57,145 log:230 Bad Request: /host/list/
WARNING 2021-11-19 09:57:57,145 basehttp:161 "POST /host/list/ HTTP/1.1" 400 11
WARNING 2021-11-19 10:01:08,892 log:230 Unauthorized: /host/categorys/
WARNING 2021-11-19 10:01:08,894 basehttp:161 "GET /host/categorys/ HTTP/1.1" 401 5169
WARNING 2021-11-19 10:01:11,946 log:230 Not Found: /
WARNING 2021-11-19 10:01:11,947 basehttp:161 "GET / HTTP/1.1" 404 2423
INFO 2021-11-19 10:01:47,166 basehttp:161 "POST /users/login/ HTTP/1.1" 200 201
INFO 2021-11-19 10:01:50,632 basehttp:161 "GET /host/categorys/ HTTP/1.1" 200 140
INFO 2021-11-19 10:01:50,634 basehttp:161 "GET /host/list/ HTTP/1.1" 200 2
WARNING 2021-11-19 10:02:35,661 log:230 Bad Request: /host/list/
WARNING 2021-11-19 10:02:35,662 basehttp:161 "POST /host/list/ HTTP/1.1" 400 11
INFO 2021-11-19 10:07:42,501 autoreload:251 F:\duanxinyi\uric\uric_api\uric_api\utils\ssh.py changed, reloading.
INFO 2021-11-19 10:07:43,430 autoreload:637 Watching for file changes with StatReloader
INFO 2021-11-19 10:15:26,634 autoreload:251 F:\duanxinyi\uric\uric_api\uric_api\utils\check_ssh.py changed, reloading.
INFO 2021-11-19 10:15:27,474 autoreload:637 Watching for file changes with StatReloader
INFO 2021-11-19 10:18:13,275 autoreload:251 F:\duanxinyi\uric\uric_api\uric_api\utils\ssh.py changed, reloading.
INFO 2021-11-19 10:18:14,172 autoreload:637 Watching for file changes with StatReloader
INFO 2021-11-19 10:26:22,659 autoreload:251 F:\duanxinyi\uric\uric_api\uric_api\utils\ssh.py changed, reloading.
INFO 2021-11-19 10:26:23,603 autoreload:637 Watching for file changes with StatReloader
INFO 2021-11-19 10:26:25,656 basehttp:161 "GET /host/list/ HTTP/1.1" 200 2
INFO 2021-11-19 10:26:25,659 basehttp:161 "GET /host/categorys/ HTTP/1.1" 200 140
WARNING 2021-11-19 10:27:06,713 log:230 Bad Request: /host/list/
WARNING 2021-11-19 10:27:06,714 basehttp:161 "POST /host/list/ HTTP/1.1" 400 11
INFO 2021-11-19 10:45:24,165 autoreload:251 F:\duanxinyi\uric\uric_api\uric_api\apps\host\serializers.py changed, reloading.
INFO 2021-11-19 10:45:25,092 autoreload:637 Watching for file changes with StatReloader
WARNING 2021-11-19 10:45:32,390 log:230 Bad Request: /host/list/
WARNING 2021-11-19 10:45:32,390 basehttp:161 "POST /host/list/ HTTP/1.1" 400 11
INFO 2021-11-19 10:47:22,223 autoreload:251 F:\duanxinyi\uric\uric_api\uric_api\apps\host\serializers.py changed, reloading.
INFO 2021-11-19 10:47:23,127 autoreload:637 Watching for file changes with StatReloader
WARNING 2021-11-19 10:47:25,019 log:230 Bad Request: /host/list/
WARNING 2021-11-19 10:47:25,019 basehttp:161 "POST /host/list/ HTTP/1.1" 400 11
INFO 2021-11-19 10:49:18,969 autoreload:251 F:\duanxinyi\uric\uric_api\uric_api\apps\host\serializers.py changed, reloading.
INFO 2021-11-19 10:49:19,837 autoreload:637 Watching for file changes with StatReloader
WARNING 2021-11-19 10:49:21,106 log:230 Bad Request: /host/list/
WARNING 2021-11-19 10:49:21,106 basehttp:161 "POST /host/list/ HTTP/1.1" 400 11
INFO 2021-11-19 10:51:04,843 autoreload:251 F:\duanxinyi\uric\uric_api\uric_api\apps\host\serializers.py changed, reloading.
INFO 2021-11-19 10:51:05,748 autoreload:637 Watching for file changes with StatReloader
WARNING 2021-11-19 10:51:07,042 log:230 Bad Request: /host/list/
WARNING 2021-11-19 10:51:07,047 basehttp:161 "POST /host/list/ HTTP/1.1" 400 11
INFO 2021-11-19 10:52:12,822 autoreload:251 F:\duanxinyi\uric\uric_api\uric_api\apps\host\serializers.py changed, reloading.
INFO 2021-11-19 10:52:13,741 autoreload:637 Watching for file changes with StatReloader
WARNING 2021-11-19 10:52:15,609 log:230 Bad Request: /host/list/
WARNING 2021-11-19 10:52:15,611 basehttp:161 "POST /host/list/ HTTP/1.1" 400 11
INFO 2021-11-19 10:52:32,348 autoreload:251 F:\duanxinyi\uric\uric_api\uric_api\apps\host\serializers.py changed, reloading.
INFO 2021-11-19 10:52:33,243 autoreload:637 Watching for file changes with StatReloader
INFO 2021-11-19 10:52:34,591 basehttp:161 "POST /host/list/ HTTP/1.1" 201 166
INFO 2021-11-19 10:53:26,542 autoreload:251 F:\duanxinyi\uric\uric_api\uric_api\apps\host\serializers.py changed, reloading.
INFO 2021-11-19 10:53:27,540 autoreload:637 Watching for file changes with StatReloader
INFO 2021-11-19 14:31:17,178 autoreload:251 F:\duanxinyi\uric\uric_api\uric_api\utils\ssh.py changed, reloading.
INFO 2021-11-19 14:31:18,232 autoreload:637 Watching for file changes with StatReloader
INFO 2021-11-19 14:32:01,160 autoreload:251 F:\duanxinyi\uric\uric_api\uric_api\utils\ssh.py changed, reloading.
INFO 2021-11-19 14:32:02,086 autoreload:637 Watching for file changes with StatReloader
